<?xml version="1.0" encoding="UTF-8"?>
<testng-results ignored="0" total="5" passed="3" failed="1" skipped="1">
  <reporter-output>
  </reporter-output>
  <suite started-at="2021-07-15T17:38:38 IST" name="Default suite" finished-at="2021-07-15T17:39:06 IST" duration-ms="28087">
    <groups>
      <group name="Regression Test">
        <method signature="CarLoanEMI_TestCase.carEMIFormtestCase()[pri:1, instance:com.InterestAmount.testSuites.CarLoanEMI_TestCase@7dfd3c81]" name="carEMIFormtestCase" class="com.InterestAmount.testSuites.CarLoanEMI_TestCase"/>
        <method signature="CarLoanEMI_TestCase.getdatatestcase()[pri:2, instance:com.InterestAmount.testSuites.CarLoanEMI_TestCase@7dfd3c81]" name="getdatatestcase" class="com.InterestAmount.testSuites.CarLoanEMI_TestCase"/>
      </group> <!-- Regression Test -->
      <group name="Smoke Test">
        <method signature="CarLoanEMI_TestCase.closetestcase()[pri:3, instance:com.InterestAmount.testSuites.CarLoanEMI_TestCase@7dfd3c81]" name="closetestcase" class="com.InterestAmount.testSuites.CarLoanEMI_TestCase"/>
        <method signature="CarLoanEMI_TestCase.openBrowsertestCase()[pri:0, instance:com.InterestAmount.testSuites.CarLoanEMI_TestCase@7dfd3c81]" name="openBrowsertestCase" class="com.InterestAmount.testSuites.CarLoanEMI_TestCase"/>
        <method signature="CarLoanEMI_TestCase.endReportestcase()[pri:4, instance:com.InterestAmount.testSuites.CarLoanEMI_TestCase@7dfd3c81]" name="endReportestcase" class="com.InterestAmount.testSuites.CarLoanEMI_TestCase"/>
      </group> <!-- Smoke Test -->
    </groups>
    <test started-at="2021-07-15T17:38:38 IST" name="Default test" finished-at="2021-07-15T17:39:06 IST" duration-ms="28087">
      <class name="com.InterestAmount.testSuites.CarLoanEMI_TestCase">
        <test-method signature="openBrowsertestCase()[pri:0, instance:com.InterestAmount.testSuites.CarLoanEMI_TestCase@7dfd3c81]" started-at="2021-07-15T17:38:38 IST" name="openBrowsertestCase" finished-at="2021-07-15T17:38:45 IST" duration-ms="7283" status="PASS">
          <reporter-output>
          </reporter-output>
        </test-method> <!-- openBrowsertestCase -->
        <test-method signature="carEMIFormtestCase()[pri:1, instance:com.InterestAmount.testSuites.CarLoanEMI_TestCase@7dfd3c81]" started-at="2021-07-15T17:38:45 IST" name="carEMIFormtestCase" finished-at="2021-07-15T17:39:06 IST" duration-ms="20095" status="FAIL">
          <exception class="java.lang.AssertionError">
            <message>
              <![CDATA[no such element: Unable to locate element: {"method":"css selector","selector":"#loanamounts"}
  (Session info: chrome=91.0.4472.124)
For documentation on this error, please visit: https://www.seleniumhq.org/exceptions/no_such_element.html
Build info: version: '3.141.59', revision: 'e82be7d358', time: '2018-11-14T08:17:03'
System info: host: 'LAPTOP-Q3LTTOU9', ip: '192.168.0.13', os.name: 'Windows 10', os.arch: 'amd64', os.version: '10.0', java.version: '15.0.2'
Driver info: org.openqa.selenium.chrome.ChromeDriver
Capabilities {acceptInsecureCerts: false, browserName: chrome, browserVersion: 91.0.4472.124, chrome: {chromedriverVersion: 91.0.4472.101 (af52a90bf870..., userDataDir: C:\Users\HIMAJA~1\AppData\L...}, goog:chromeOptions: {debuggerAddress: localhost:54867}, javascriptEnabled: true, networkConnectionEnabled: false, pageLoadStrategy: normal, platform: WINDOWS, platformName: WINDOWS, proxy: Proxy(), setWindowRect: true, strictFileInteractability: false, timeouts: {implicit: 0, pageLoad: 300000, script: 30000}, unhandledPromptBehavior: dismiss and notify, webauthn:extension:largeBlob: true, webauthn:virtualAuthenticators: true}
Session ID: e4c95c21ce698748103dd82859e41a1e
*** Element info: {Using=id, value=loanamounts}]]>
            </message>
            <full-stacktrace>
              <![CDATA[java.lang.AssertionError: no such element: Unable to locate element: {"method":"css selector","selector":"#loanamounts"}
  (Session info: chrome=91.0.4472.124)
For documentation on this error, please visit: https://www.seleniumhq.org/exceptions/no_such_element.html
Build info: version: '3.141.59', revision: 'e82be7d358', time: '2018-11-14T08:17:03'
System info: host: 'LAPTOP-Q3LTTOU9', ip: '192.168.0.13', os.name: 'Windows 10', os.arch: 'amd64', os.version: '10.0', java.version: '15.0.2'
Driver info: org.openqa.selenium.chrome.ChromeDriver
Capabilities {acceptInsecureCerts: false, browserName: chrome, browserVersion: 91.0.4472.124, chrome: {chromedriverVersion: 91.0.4472.101 (af52a90bf870..., userDataDir: C:\Users\HIMAJA~1\AppData\L...}, goog:chromeOptions: {debuggerAddress: localhost:54867}, javascriptEnabled: true, networkConnectionEnabled: false, pageLoadStrategy: normal, platform: WINDOWS, platformName: WINDOWS, proxy: Proxy(), setWindowRect: true, strictFileInteractability: false, timeouts: {implicit: 0, pageLoad: 300000, script: 30000}, unhandledPromptBehavior: dismiss and notify, webauthn:extension:largeBlob: true, webauthn:virtualAuthenticators: true}
Session ID: e4c95c21ce698748103dd82859e41a1e
*** Element info: {Using=id, value=loanamounts}
at org.testng.Assert.fail(Assert.java:99)
at com.InterestAmount.base.BaseMethods.reportFail(BaseMethods.java:74)
at com.InterestAmount.testSuites.CarLoanEMI_TestCase.carEMIFormtestCase(CarLoanEMI_TestCase.java:37)
at java.base/jdk.internal.reflect.NativeMethodAccessorImpl.invoke0(Native Method)
at java.base/jdk.internal.reflect.NativeMethodAccessorImpl.invoke(NativeMethodAccessorImpl.java:64)
at java.base/jdk.internal.reflect.DelegatingMethodAccessorImpl.invoke(DelegatingMethodAccessorImpl.java:43)
at java.base/java.lang.reflect.Method.invoke(Method.java:564)
at org.testng.internal.MethodInvocationHelper.invokeMethod(MethodInvocationHelper.java:133)
at org.testng.internal.TestInvoker.invokeMethod(TestInvoker.java:598)
at org.testng.internal.TestInvoker.invokeTestMethod(TestInvoker.java:173)
at org.testng.internal.MethodRunner.runInSequence(MethodRunner.java:46)
at org.testng.internal.TestInvoker$MethodInvocationAgent.invoke(TestInvoker.java:824)
at org.testng.internal.TestInvoker.invokeTestMethods(TestInvoker.java:146)
at org.testng.internal.TestMethodWorker.invokeTestMethods(TestMethodWorker.java:146)
at org.testng.internal.TestMethodWorker.run(TestMethodWorker.java:128)
at java.base/java.util.ArrayList.forEach(ArrayList.java:1511)
at org.testng.TestRunner.privateRun(TestRunner.java:794)
at org.testng.TestRunner.run(TestRunner.java:596)
at org.testng.SuiteRunner.runTest(SuiteRunner.java:377)
at org.testng.SuiteRunner.runSequentially(SuiteRunner.java:371)
at org.testng.SuiteRunner.privateRun(SuiteRunner.java:332)
at org.testng.SuiteRunner.run(SuiteRunner.java:276)
at org.testng.SuiteRunnerWorker.runSuite(SuiteRunnerWorker.java:53)
at org.testng.SuiteRunnerWorker.run(SuiteRunnerWorker.java:96)
at org.testng.TestNG.runSuitesSequentially(TestNG.java:1212)
at org.testng.TestNG.runSuitesLocally(TestNG.java:1134)
at org.testng.TestNG.runSuites(TestNG.java:1063)
at org.testng.TestNG.run(TestNG.java:1031)
at org.testng.remote.AbstractRemoteTestNG.run(AbstractRemoteTestNG.java:115)
at org.testng.remote.RemoteTestNG.initAndRun(RemoteTestNG.java:251)
at org.testng.remote.RemoteTestNG.main(RemoteTestNG.java:77)
]]>
            </full-stacktrace>
          </exception> <!-- java.lang.AssertionError -->
          <reporter-output>
          </reporter-output>
        </test-method> <!-- carEMIFormtestCase -->
        <test-method signature="getdatatestcase()[pri:2, instance:com.InterestAmount.testSuites.CarLoanEMI_TestCase@7dfd3c81]" started-at="2021-07-15T17:39:06 IST" name="getdatatestcase" finished-at="2021-07-15T17:39:06 IST" depends-on-methods="com.InterestAmount.testSuites.CarLoanEMI_TestCase.carEMIFormtestCase" duration-ms="0" status="SKIP">
          <exception class="java.lang.Throwable">
            <message>
              <![CDATA[Method CarLoanEMI_TestCase.getdatatestcase()[pri:2, instance:com.InterestAmount.testSuites.CarLoanEMI_TestCase@7dfd3c81] depends on not successfully finished methods]]>
            </message>
            <full-stacktrace>
              <![CDATA[java.lang.Throwable: Method CarLoanEMI_TestCase.getdatatestcase()[pri:2, instance:com.InterestAmount.testSuites.CarLoanEMI_TestCase@7dfd3c81] depends on not successfully finished methods
at org.testng.internal.TestInvoker.invokeTestMethods(TestInvoker.java:102)
at org.testng.internal.TestMethodWorker.invokeTestMethods(TestMethodWorker.java:146)
at org.testng.internal.TestMethodWorker.run(TestMethodWorker.java:128)
at java.base/java.util.ArrayList.forEach(ArrayList.java:1511)
at org.testng.TestRunner.privateRun(TestRunner.java:794)
at org.testng.TestRunner.run(TestRunner.java:596)
at org.testng.SuiteRunner.runTest(SuiteRunner.java:377)
at org.testng.SuiteRunner.runSequentially(SuiteRunner.java:371)
at org.testng.SuiteRunner.privateRun(SuiteRunner.java:332)
at org.testng.SuiteRunner.run(SuiteRunner.java:276)
at org.testng.SuiteRunnerWorker.runSuite(SuiteRunnerWorker.java:53)
at org.testng.SuiteRunnerWorker.run(SuiteRunnerWorker.java:96)
at org.testng.TestNG.runSuitesSequentially(TestNG.java:1212)
at org.testng.TestNG.runSuitesLocally(TestNG.java:1134)
at org.testng.TestNG.runSuites(TestNG.java:1063)
at org.testng.TestNG.run(TestNG.java:1031)
at org.testng.remote.AbstractRemoteTestNG.run(AbstractRemoteTestNG.java:115)
at org.testng.remote.RemoteTestNG.initAndRun(RemoteTestNG.java:251)
at org.testng.remote.RemoteTestNG.main(RemoteTestNG.java:77)
]]>
            </full-stacktrace>
          </exception> <!-- java.lang.Throwable -->
          <reporter-output>
          </reporter-output>
        </test-method> <!-- getdatatestcase -->
        <test-method signature="closetestcase()[pri:3, instance:com.InterestAmount.testSuites.CarLoanEMI_TestCase@7dfd3c81]" started-at="2021-07-15T17:39:06 IST" name="closetestcase" finished-at="2021-07-15T17:39:06 IST" duration-ms="348" status="PASS">
          <reporter-output>
          </reporter-output>
        </test-method> <!-- closetestcase -->
        <test-method signature="endReportestcase()[pri:4, instance:com.InterestAmount.testSuites.CarLoanEMI_TestCase@7dfd3c81]" started-at="2021-07-15T17:39:06 IST" name="endReportestcase" finished-at="2021-07-15T17:39:06 IST" duration-ms="290" status="PASS">
          <reporter-output>
          </reporter-output>
        </test-method> <!-- endReportestcase -->
      </class> <!-- com.InterestAmount.testSuites.CarLoanEMI_TestCase -->
    </test> <!-- Default test -->
  </suite> <!-- Default suite -->
</testng-results>
